Usage:
 source /soft/system/software/GROMACS/2026.2-gpu/bin/GMXRC
 before executing gmx 
                      :-) GROMACS - gmx mdrun, 2026.2 (-:

Executable:   /soft/system/software/GROMACS/2026.2-gpu/bin/gmx
Data prefix:  /soft/system/software/GROMACS/2026.2-gpu
Working dir:  /users/gpcr/elizaveta/msi_gromacs_g1/run2_gpu
Command line:
  gmx mdrun -deffnm prod_replica2 -cpi prod_replica2.cpt -nb gpu -pme gpu -bonded gpu

Reading file prod_replica2.tpr, VERSION 2024.3 (single precision)
Note: file tpx version 133, software tpx version 138
Changing nstlist from 20 to 100, rlist from 1.208 to 1.411

Update groups can not be used for this system because an incompatible virtual site type is used

1 GPU selected for this run.
Mapping of GPU IDs to the 2 GPU tasks in the 1 rank on this node:
  PP:0,PME:0
PP tasks will do non-perturbed short-ranged and most bonded interactions on the GPU
PP task will update and constrain coordinates on the CPU
PME tasks will do all aspects on the GPU
Using 1 MPI thread
Using 12 OpenMP threads 

starting mdrun 'Title'
25000000 steps,  50000.0 ps (continuing from step 15138000,  30276.0 ps).

Writing final coordinates.

               Core t (s)   Wall t (s)        (%)
       Time:   145355.953    12113.002     1200.0
                         3h21:53
                 (ns/day)    (hour/ns)    (ms/step)  (Matom*steps/s) 
Performance:      140.688        0.171        1.228           57.158 

GROMACS reminds you: "I never thought of stopping, and I just hated sleeping. I can't imagine having a better life." (Barbara McClintock)

